d:\phili\documents\repo\asteroids\build\pas-abgabe\x64\release\pas-abgabe.pch
d:\phili\documents\repo\asteroids\build\pas-abgabe\x64\release\vc141.pdb
d:\phili\documents\repo\asteroids\build\pas-abgabe\x64\release\pch.obj
d:\phili\documents\repo\asteroids\build\pas-abgabe\x64\release\resourcedatabase.obj
d:\phili\documents\repo\asteroids\build\pas-abgabe\x64\release\player.obj
d:\phili\documents\repo\asteroids\build\pas-abgabe\x64\release\pickup.obj
d:\phili\documents\repo\asteroids\build\pas-abgabe\x64\release\pas-abgabe.obj
d:\phili\documents\repo\asteroids\build\pas-abgabe\x64\release\object.obj
d:\phili\documents\repo\asteroids\build\pas-abgabe\x64\release\missile.obj
d:\phili\documents\repo\asteroids\build\pas-abgabe\x64\release\eventmanager.obj
d:\phili\documents\repo\asteroids\build\pas-abgabe\x64\release\enemy.obj
d:\phili\documents\repo\asteroids\build\pas-abgabe\x64\release\emissile.obj
d:\phili\documents\repo\asteroids\build\pas-abgabe\x64\release\button.obj
d:\phili\documents\repo\asteroids\build\pas-abgabe\x64\release\asteroid.obj
d:\phili\documents\repo\asteroids\build\pas-abgabe\x64\release\animation.obj
d:\phili\documents\repo\asteroids\build\exe\x64\release\pas-abgabe.exe
d:\phili\documents\repo\asteroids\build\exe\x64\release\pas-abgabe.pdb
d:\phili\documents\repo\asteroids\build\exe\x64\release\pas-abgabe.ipdb
d:\phili\documents\repo\asteroids\build\exe\x64\release\pas-abgabe.iobj
d:\phili\documents\repo\asteroids\build\pas-abgabe\..\exe\x64\release\pas-abgabe.exe
d:\phili\documents\repo\asteroids\build\pas-abgabe\x64\release\pas-abgabe.tlog\cl.command.1.tlog
d:\phili\documents\repo\asteroids\build\pas-abgabe\x64\release\pas-abgabe.tlog\cl.read.1.tlog
d:\phili\documents\repo\asteroids\build\pas-abgabe\x64\release\pas-abgabe.tlog\cl.write.1.tlog
d:\phili\documents\repo\asteroids\build\pas-abgabe\x64\release\pas-abgabe.tlog\link.command.1.tlog
d:\phili\documents\repo\asteroids\build\pas-abgabe\x64\release\pas-abgabe.tlog\link.read.1.tlog
d:\phili\documents\repo\asteroids\build\pas-abgabe\x64\release\pas-abgabe.tlog\link.write.1.tlog
d:\phili\documents\repo\asteroids\build\pas-abgabe\x64\release\pas-abgabe.tlog\pas-abgabe.write.1u.tlog
