c:\users\phglas\documents\repos\pas-abgabe\build\pas-abgabe\x64\debug\pas-abgabe.pch
c:\users\phglas\documents\repos\pas-abgabe\build\pas-abgabe\x64\debug\vc141.pdb
c:\users\phglas\documents\repos\pas-abgabe\build\pas-abgabe\x64\debug\vc141.idb
c:\users\phglas\documents\repos\pas-abgabe\build\pas-abgabe\x64\debug\pch.obj
c:\users\phglas\documents\repos\pas-abgabe\build\pas-abgabe\x64\debug\resourcemanager.obj
c:\users\phglas\documents\repos\pas-abgabe\build\pas-abgabe\x64\debug\eventmanager.obj
c:\users\phglas\documents\repos\pas-abgabe\build\pas-abgabe\x64\debug\card.obj
c:\users\phglas\documents\repos\pas-abgabe\build\pas-abgabe\x64\debug\pas-abgabe.obj
c:\users\phglas\documents\repos\pas-abgabe\build\pas-abgabe\x64\debug\carddeck.obj
c:\users\phglas\documents\repos\pas-abgabe\build\pas-abgabe\x64\debug\chosencard.obj
c:\users\phglas\documents\repos\pas-abgabe\build\pas-abgabe\x64\debug\handcardposition.obj
c:\users\phglas\documents\repos\pas-abgabe\build\pas-abgabe\x64\debug\player.obj
c:\users\phglas\documents\repos\pas-abgabe\build\pas-abgabe\x64\debug\turnmanager.obj
c:\users\phglas\documents\repos\pas-abgabe\build\pas-abgabe\x64\debug\cardmanager.obj
c:\users\phglas\documents\repos\pas-abgabe\build\x64\debug\pas-abgabe.exe
c:\users\phglas\documents\repos\pas-abgabe\build\x64\debug\pas-abgabe.ilk
c:\users\phglas\documents\repos\pas-abgabe\build\x64\debug\pas-abgabe.pdb
c:\users\phglas\documents\repos\pas-abgabe\build\pas-abgabe\x64\debug\pas-abgabe.new.obj.enc
c:\users\phglas\documents\repos\pas-abgabe\build\pas-abgabe\x64\debug\pas-abgabe.tlog\cl.command.1.tlog
c:\users\phglas\documents\repos\pas-abgabe\build\pas-abgabe\x64\debug\pas-abgabe.tlog\cl.read.1.tlog
c:\users\phglas\documents\repos\pas-abgabe\build\pas-abgabe\x64\debug\pas-abgabe.tlog\cl.write.1.tlog
c:\users\phglas\documents\repos\pas-abgabe\build\pas-abgabe\x64\debug\pas-abgabe.tlog\link.command.1.tlog
c:\users\phglas\documents\repos\pas-abgabe\build\pas-abgabe\x64\debug\pas-abgabe.tlog\link.read.1.tlog
c:\users\phglas\documents\repos\pas-abgabe\build\pas-abgabe\x64\debug\pas-abgabe.tlog\link.write.1.tlog
